{
  "stats": {
    "suites": 1,
    "tests": 1,
    "passes": 1,
    "pending": 0,
    "failures": 0,
    "start": "2023-06-17T22:18:28.712Z",
    "end": "2023-06-17T22:18:34.314Z",
    "duration": 5602,
    "testsRegistered": 1,
    "passPercent": 100,
    "pendingPercent": 0,
    "other": 0,
    "hasOther": false,
    "skipped": 0,
    "hasSkipped": false
  },
  "results": [
    {
      "uuid": "ba0f6c99-27a2-4188-9d01-6ec4dd42775a",
      "title": "",
      "fullFile": "cypress\\e2e\\testcases\\TC03_ValidateOpenAccountPage.cy.js",
      "file": "cypress\\e2e\\testcases\\TC03_ValidateOpenAccountPage.cy.js",
      "beforeHooks": [],
      "afterHooks": [],
      "tests": [],
      "suites": [
        {
          "uuid": "dab779c9-36a5-411d-b440-fb543a07cff4",
          "title": "Validate Open Account Page",
          "fullFile": "",
          "file": "",
          "beforeHooks": [],
          "afterHooks": [],
          "tests": [
            {
              "title": "Open Account Page tests",
              "fullTitle": "Validate Open Account Page Open Account Page tests",
              "timedOut": null,
              "duration": 5576,
              "state": "passed",
              "speed": "medium",
              "pass": true,
              "fail": false,
              "pending": false,
              "context": null,
              "code": "_HomePageActions.default.loginAsAManager();\n_AddCustomerPageActions.default.addCustomerMainPageBtn();\n_AddCustomerPageActions.default.addCustomerInfo(data1.fName, data1.lName, data1.pCode);\n_AddCustomerPageActions.default.validateAlert(data1.alertText);\n_OpenAccountPageActions.default.clickOpenAccountBtn();\n_OpenAccountPageActions.default.chooseCustomerFromDropDown(data1.fName + ' ' + data1.lName);\n_OpenAccountPageActions.default.chooseCurrencyFromDropDown(data1.currency);\n_OpenAccountPageActions.default.clickProcessBtn();\n_OpenAccountPageActions.default.validateAlert(data1.accountCreatedText);",
              "err": {},
              "uuid": "616d2e97-f9b3-448e-9c64-43e68ad544b8",
              "parentUUID": "dab779c9-36a5-411d-b440-fb543a07cff4",
              "isHook": false,
              "skipped": false
            }
          ],
          "suites": [],
          "passes": [
            "616d2e97-f9b3-448e-9c64-43e68ad544b8"
          ],
          "failures": [],
          "pending": [],
          "skipped": [],
          "duration": 5576,
          "root": false,
          "rootEmpty": false,
          "_timeout": 2000
        }
      ],
      "passes": [],
      "failures": [],
      "pending": [],
      "skipped": [],
      "duration": 0,
      "root": true,
      "rootEmpty": true,
      "_timeout": 2000
    }
  ],
  "meta": {
    "mocha": {
      "version": "7.0.1"
    },
    "mochawesome": {
      "options": {
        "quiet": true,
        "reportFilename": "testresults",
        "saveHtml": true,
        "saveJson": true,
        "consoleReporter": "spec",
        "useInlineDiffs": false,
        "code": true
      },
      "version": "7.1.3"
    },
    "marge": {
      "options": {
        "reportDir": "cypress/reports",
        "reportFilename": "testresults",
        "overwrite": "true",
        "html": true,
        "json": true,
        "charts": true,
        "quiet": true
      },
      "version": "6.2.0"
    }
  }
}